Arguments: 
  /Users/jared/.fnm/node-versions/v13.7.0/installation/bin/node /Users/jared/.fnm/current/bin/yarn

PATH: 
  /Users/jared/.fnm/current/bin:/Users/jared/.fnm:/Users/jared/.local/bin:/Users/jared/khan/mobile/.github/actions/.bin:/Users/jared/Library/Android/sdk/emulator/:/Users/jared/Library/Android/sdk/tools/bin/:/Users/jared/Library/Android/sdk/platform-tools/:/Users/jared/khan/devtools/google-cloud-sdk/bin:/Users/jared/.nix-profile/bin:/usr/local/bin:/usr/bin:/bin:/usr/sbin:/sbin:/Users/jared/.fnm/current/bin:/Users/jared/.fnm:/Users/jared/.local/bin:/Users/jared/khan/mobile/.github/actions/.bin:/Users/jared/Library/Android/sdk/emulator/:/Users/jared/Library/Android/sdk/tools/bin/:/Users/jared/Library/Android/sdk/platform-tools/:/Users/jared/khan/devtools/google-cloud-sdk/bin:/Users/jared/.nix-profile/bin

Yarn version: 
  1.21.1

Node version: 
  13.7.0

Platform: 
  darwin x64

Trace: 
  Error: https://registry.yarnpkg.com/@local-first%2fhybrid-logical-clock: Not found
      at Request.params.callback [as _callback] (/Users/jared/.fnm/node-versions/v13.7.0/installation/lib/node_modules/yarn/lib/cli.js:66947:18)
      at Request.self.callback (/Users/jared/.fnm/node-versions/v13.7.0/installation/lib/node_modules/yarn/lib/cli.js:140665:22)
      at Request.emit (events.js:321:20)
      at Request.<anonymous> (/Users/jared/.fnm/node-versions/v13.7.0/installation/lib/node_modules/yarn/lib/cli.js:141637:10)
      at Request.emit (events.js:321:20)
      at IncomingMessage.<anonymous> (/Users/jared/.fnm/node-versions/v13.7.0/installation/lib/node_modules/yarn/lib/cli.js:141559:12)
      at Object.onceWrapper (events.js:427:28)
      at IncomingMessage.emit (events.js:333:22)
      at endReadableNT (_stream_readable.js:1201:12)
      at processTicksAndRejections (internal/process/task_queues.js:84:21)

npm manifest: 
  {
      "name": "simple-example",
      "version": "1.0.0",
      "dependencies": {
          "@local-first/hybrid-logical-clock": "^1.0",
          "@local-first/nested-object-crdt": "^1.0",
          "parcel": "^1.12.4",
          "react": "^16.12.0",
          "react-dom": "^16.12.0"
      }
  }

yarn manifest: 
  No manifest

Lockfile: 
  No lockfile
